Performing C SOURCE FILE Test FLAG_SUPPORTED_Wcomma failed with the following output:
Change Dir: /home/tembolo381/Desktop/c-workspace/QuantTradingWebSocket/build/CMakeFiles/CMakeTmp

Run Build Command(s):/usr/bin/ninja cmTC_90a28 && [1/2] Building C object CMakeFiles/cmTC_90a28.dir/src.c.o
FAILED: CMakeFiles/cmTC_90a28.dir/src.c.o 
/usr/bin/cc -DFLAG_SUPPORTED_Wcomma  -Wall -Wextra -Wpedantic -std=c89 -pedantic -Wall -Wextra -Werror -Wstrict-prototypes -Wwrite-strings -Wshadow -Winit-self -Wcast-align -Wformat=2 -Wmissing-prototypes -Wstrict-overflow=2 -Wcast-qual -Wundef -Wswitch-default -Wconversion -Wc++-compat -fstack-protector-strong    -Wcomma -o CMakeFiles/cmTC_90a28.dir/src.c.o -c /home/tembolo381/Desktop/c-workspace/QuantTradingWebSocket/build/CMakeFiles/CMakeTmp/src.c
cc: error: unrecognized command-line option '-Wcomma'; did you mean '-Wcomment'?
ninja: build stopped: subcommand failed.


Source file was:
int main(void) { return 0; }
Performing C SOURCE FILE Test FLAG_SUPPORTED_Wmissingvariabledeclarations failed with the following output:
Change Dir: /home/tembolo381/Desktop/c-workspace/QuantTradingWebSocket/build/CMakeFiles/CMakeTmp

Run Build Command(s):/usr/bin/ninja cmTC_e5d8a && [1/2] Building C object CMakeFiles/cmTC_e5d8a.dir/src.c.o
FAILED: CMakeFiles/cmTC_e5d8a.dir/src.c.o 
/usr/bin/cc -DFLAG_SUPPORTED_Wmissingvariabledeclarations  -Wall -Wextra -Wpedantic -std=c89 -pedantic -Wall -Wextra -Werror -Wstrict-prototypes -Wwrite-strings -Wshadow -Winit-self -Wcast-align -Wformat=2 -Wmissing-prototypes -Wstrict-overflow=2 -Wcast-qual -Wundef -Wswitch-default -Wconversion -Wc++-compat -fstack-protector-strong -Wdouble-promotion -Wparentheses -Wformat-overflow -Wunused-macros    -Wmissing-variable-declarations -o CMakeFiles/cmTC_e5d8a.dir/src.c.o -c /home/tembolo381/Desktop/c-workspace/QuantTradingWebSocket/build/CMakeFiles/CMakeTmp/src.c
cc: error: unrecognized command-line option '-Wmissing-variable-declarations'; did you mean '-Wmissing-declarations'?
ninja: build stopped: subcommand failed.


Source file was:
int main(void) { return 0; }
Performing C SOURCE FILE Test FLAG_SUPPORTED_Wusedbutmarkedunused failed with the following output:
Change Dir: /home/tembolo381/Desktop/c-workspace/QuantTradingWebSocket/build/CMakeFiles/CMakeTmp

Run Build Command(s):/usr/bin/ninja cmTC_dac2f && [1/2] Building C object CMakeFiles/cmTC_dac2f.dir/src.c.o
FAILED: CMakeFiles/cmTC_dac2f.dir/src.c.o 
/usr/bin/cc -DFLAG_SUPPORTED_Wusedbutmarkedunused  -Wall -Wextra -Wpedantic -std=c89 -pedantic -Wall -Wextra -Werror -Wstrict-prototypes -Wwrite-strings -Wshadow -Winit-self -Wcast-align -Wformat=2 -Wmissing-prototypes -Wstrict-overflow=2 -Wcast-qual -Wundef -Wswitch-default -Wconversion -Wc++-compat -fstack-protector-strong -Wdouble-promotion -Wparentheses -Wformat-overflow -Wunused-macros    -Wused-but-marked-unused -o CMakeFiles/cmTC_dac2f.dir/src.c.o -c /home/tembolo381/Desktop/c-workspace/QuantTradingWebSocket/build/CMakeFiles/CMakeTmp/src.c
cc: error: unrecognized command-line option '-Wused-but-marked-unused'
ninja: build stopped: subcommand failed.


Source file was:
int main(void) { return 0; }
